18:40:43 **** Incremental Build of configuration Debug for project MCU2 ****
make all 
Building file: ../ECU2.c
Invoking: AVR Compiler
avr-gcc -Wall -g2 -gstabs -O0 -fpack-struct -fshort-enums -ffunction-sections -fdata-sections -std=gnu99 -funsigned-char -funsigned-bitfields -mmcu=atmega16 -DF_CPU=1000000UL -MMD -MP -MF"ECU2.d" -MT"ECU2.o" -c -o "ECU2.o" "../ECU2.c"
In file included from ../micro_config.h:22,
                 from ../timers.h:14,
                 from ../ECU2.h:11,
                 from ../ECU2.c:12:
c:/winavr/lib/gcc/../../avr/include/util/delay.h:90:3: warning: #warning "Compiler optimizations disabled; functions from <util/delay.h> won't work as designed"
../ECU2.c: In function 'setReceivePW':
../ECU2.c:82: warning: pointer targets in passing argument 1 of 'strcmp' differ in signedness
../ECU2.c:82: warning: pointer targets in passing argument 2 of 'strcmp' differ in signedness
../ECU2.c: In function 'checkMatch':
../ECU2.c:148: warning: pointer targets in passing argument 1 of 'strcmp' differ in signedness
../ECU2.c:148: warning: pointer targets in passing argument 2 of 'strcmp' differ in signedness
Finished building: ../ECU2.c
 
Building target: MCU2.elf
Invoking: AVR C Linker
avr-gcc -Wl,-Map,MCU2.map -mmcu=atmega16 -o "MCU2.elf"  ./ECU2.o ./MCU2.o ./external_eeprom.o ./i2c.o ./motor.o ./timers.o ./uart.o   
Finished building target: MCU2.elf
 
Invoking: AVR Create Extended Listing
avr-objdump -h -S MCU2.elf  >"MCU2.lss"
Finished building: MCU2.lss
 
Invoking: Print Size
avr-size --format=avr --mcu=atmega16 MCU2.elf
AVR Memory Usage
----------------
Device: atmega16

Program:    6812 bytes (41.6% Full)
(.text + .data + .bootloader)

Data:         20 bytes (2.0% Full)
(.data + .bss + .noinit)


Finished building: sizedummy
 
