21:28:58 **** Incremental Build of configuration Debug for project MCU2 ****
make all 
Building file: ../MCU2.c
Invoking: AVR Compiler
avr-gcc -Wall -g2 -gstabs -O0 -fpack-struct -fshort-enums -ffunction-sections -fdata-sections -std=gnu99 -funsigned-char -funsigned-bitfields -mmcu=atmega16 -DF_CPU=1000000UL -MMD -MP -MF"MCU2.d" -MT"MCU2.o" -c -o "MCU2.o" "../MCU2.c"
In file included from ../micro_config.h:22,
                 from ../timers.h:14,
                 from ../MCU2.h:10,
                 from ../MCU2.c:9:
c:/winavr/lib/gcc/../../avr/include/util/delay.h:90:3: warning: #warning "Compiler optimizations disabled; functions from <util/delay.h> won't work as designed"
Finished building: ../MCU2.c
 
Building target: MCU2.elf
Invoking: AVR C Linker
avr-gcc -Wl,-Map,MCU2.map -mmcu=atmega16 -o "MCU2.elf"  ./ECU2.o ./MCU2.o ./external_eeprom.o ./i2c.o ./motor.o ./timers.o ./uart.o   
Finished building target: MCU2.elf
 
Invoking: AVR Create Extended Listing
avr-objdump -h -S MCU2.elf  >"MCU2.lss"
Finished building: MCU2.lss
 
Invoking: Print Size
avr-size --format=avr --mcu=atmega16 MCU2.elf
AVR Memory Usage
----------------
Device: atmega16

Program:    7606 bytes (46.4% Full)
(.text + .data + .bootloader)

Data:         29 bytes (2.8% Full)
(.data + .bss + .noinit)


Finished building: sizedummy
 

21:28:59 Build Finished. 0 errors, 1 warnings. (took 1s.203ms)

